0 info it worked if it ends with ok
1 verbose cli [ '/Users/eyeline/.nvm/versions/node/v6.9.0/bin/node',
1 verbose cli   '/Users/eyeline/.nvm/versions/node/v6.9.0/bin/npm',
1 verbose cli   'install',
1 verbose cli   '-g',
1 verbose cli   'now' ]
2 info using npm@3.10.8
3 info using node@v6.9.0
4 silly loadCurrentTree Starting
5 silly install loadCurrentTree
6 silly install readGlobalPackageData
7 silly fetchPackageMetaData now
8 silly fetchNamedPackageData now
9 silly mapToRegistry name now
10 silly mapToRegistry using default registry
11 silly mapToRegistry registry https://registry.npmjs.org/
12 silly mapToRegistry data Result {
12 silly mapToRegistry   raw: 'now',
12 silly mapToRegistry   scope: null,
12 silly mapToRegistry   escapedName: 'now',
12 silly mapToRegistry   name: 'now',
12 silly mapToRegistry   rawSpec: '',
12 silly mapToRegistry   spec: 'latest',
12 silly mapToRegistry   type: 'tag' }
13 silly mapToRegistry uri https://registry.npmjs.org/now
14 verbose request uri https://registry.npmjs.org/now
15 verbose request no auth needed
16 info attempt registry request try #1 at 3:31:43 PM
17 verbose request id 410f9da44ca5141a
18 verbose etag W/"7cce165ccb120d1d318e7f4694d6d5c6"
19 verbose lastModified Mon, 09 Sep 2019 17:15:59 GMT
20 http request GET https://registry.npmjs.org/now
21 http 200 https://registry.npmjs.org/now
22 verbose headers { date: 'Tue, 10 Sep 2019 20:31:44 GMT',
22 verbose headers   'content-type': 'application/json',
22 verbose headers   'transfer-encoding': 'chunked',
22 verbose headers   connection: 'keep-alive',
22 verbose headers   'set-cookie': [ '__cfduid=d34eeecb2fdeea003149b514ef0274a3e1568147503; expires=Wed, 09-Sep-20 20:31:43 GMT; path=/; domain=.npmjs.org; HttpOnly' ],
22 verbose headers   'cf-cache-status': 'MISS',
22 verbose headers   'cache-control': 'max-age=300',
22 verbose headers   'cf-ray': '51442ac86ed7b55e-BOG',
22 verbose headers   etag: 'W/"07c6a59705b8427eaebf9fc54ac4932c"',
22 verbose headers   'expect-ct': 'max-age=604800, report-uri="https://report-uri.cloudflare.com/cdn-cgi/beacon/expect-ct"',
22 verbose headers   'last-modified': 'Tue, 10 Sep 2019 16:44:37 GMT',
22 verbose headers   vary: 'accept-encoding, accept',
22 verbose headers   'x-amz-meta-rev': '1016-faf087173deece7a6f4c25f8877f2fbd',
22 verbose headers   server: 'cloudflare',
22 verbose headers   'content-encoding': 'gzip' }
23 silly get cb [ 200,
23 silly get   { date: 'Tue, 10 Sep 2019 20:31:44 GMT',
23 silly get     'content-type': 'application/json',
23 silly get     'transfer-encoding': 'chunked',
23 silly get     connection: 'keep-alive',
23 silly get     'set-cookie': [ '__cfduid=d34eeecb2fdeea003149b514ef0274a3e1568147503; expires=Wed, 09-Sep-20 20:31:43 GMT; path=/; domain=.npmjs.org; HttpOnly' ],
23 silly get     'cf-cache-status': 'MISS',
23 silly get     'cache-control': 'max-age=300',
23 silly get     'cf-ray': '51442ac86ed7b55e-BOG',
23 silly get     etag: 'W/"07c6a59705b8427eaebf9fc54ac4932c"',
23 silly get     'expect-ct': 'max-age=604800, report-uri="https://report-uri.cloudflare.com/cdn-cgi/beacon/expect-ct"',
23 silly get     'last-modified': 'Tue, 10 Sep 2019 16:44:37 GMT',
23 silly get     vary: 'accept-encoding, accept',
23 silly get     'x-amz-meta-rev': '1016-faf087173deece7a6f4c25f8877f2fbd',
23 silly get     server: 'cloudflare',
23 silly get     'content-encoding': 'gzip' } ]
24 verbose get saving now to /Users/eyeline/.npm/registry.npmjs.org/now/.cache.json
25 verbose correctMkdir /Users/eyeline/.npm correctMkdir not in flight; initializing
26 silly install normalizeTree
27 silly loadCurrentTree Finishing
28 silly loadIdealTree Starting
29 silly install loadIdealTree
30 silly cloneCurrentTree Starting
31 silly install cloneCurrentTreeToIdealTree
32 silly cloneCurrentTree Finishing
33 silly loadShrinkwrap Starting
34 silly install loadShrinkwrap
35 silly loadShrinkwrap Finishing
36 silly loadAllDepsIntoIdealTree Starting
37 silly install loadAllDepsIntoIdealTree
38 silly resolveWithNewModule now@16.2.0 checking installable status
39 silly cache add args [ 'now', null ]
40 verbose cache add spec now
41 silly cache add parsed spec Result {
41 silly cache add   raw: 'now',
41 silly cache add   scope: null,
41 silly cache add   escapedName: 'now',
41 silly cache add   name: 'now',
41 silly cache add   rawSpec: '',
41 silly cache add   spec: 'latest',
41 silly cache add   type: 'tag' }
42 silly addNamed now@latest
43 verbose addNamed "latest" is being treated as a dist-tag for now
44 info addNameTag [ 'now', 'latest' ]
45 silly mapToRegistry name now
46 silly mapToRegistry using default registry
47 silly mapToRegistry registry https://registry.npmjs.org/
48 silly mapToRegistry data Result {
48 silly mapToRegistry   raw: 'now',
48 silly mapToRegistry   scope: null,
48 silly mapToRegistry   escapedName: 'now',
48 silly mapToRegistry   name: 'now',
48 silly mapToRegistry   rawSpec: '',
48 silly mapToRegistry   spec: 'latest',
48 silly mapToRegistry   type: 'tag' }
49 silly mapToRegistry uri https://registry.npmjs.org/now
50 verbose addNameTag registry:https://registry.npmjs.org/now not in flight; fetching
51 verbose get https://registry.npmjs.org/now not expired, no request
52 silly addNameTag next cb for now with tag latest
53 silly addNamed now@16.2.0
54 verbose addNamed "16.2.0" is a plain semver version for now
55 silly cache afterAdd now@16.2.0
56 verbose afterAdd /Users/eyeline/.npm/now/16.2.0/package/package.json not in flight; writing
57 verbose correctMkdir /Users/eyeline/.npm correctMkdir not in flight; initializing
58 verbose afterAdd /Users/eyeline/.npm/now/16.2.0/package/package.json written
59 silly loadAllDepsIntoIdealTree Finishing
60 silly loadIdealTree Finishing
61 silly currentTree lib
62 silly idealTree lib
62 silly idealTree └── now@16.2.0
63 silly generateActionsToTake Starting
64 silly install generateActionsToTake
65 silly generateActionsToTake Finishing
66 silly diffTrees action count 1
67 silly diffTrees add now@16.2.0
68 silly decomposeActions action count 8
69 silly decomposeActions fetch now@16.2.0
70 silly decomposeActions extract now@16.2.0
71 silly decomposeActions test now@16.2.0
72 silly decomposeActions preinstall now@16.2.0
73 silly decomposeActions build now@16.2.0
74 silly decomposeActions install now@16.2.0
75 silly decomposeActions postinstall now@16.2.0
76 silly decomposeActions finalize now@16.2.0
77 silly runTopLevelLifecycles Starting
78 silly executeActions Starting
79 silly install executeActions
80 silly doSerial global-install 0
81 silly doParallel fetch 1
82 verbose correctMkdir /Users/eyeline/.npm/_locks correctMkdir not in flight; initializing
83 verbose lock using /Users/eyeline/.npm/_locks/staging-bb273a0e9b009b96.lock for /Users/eyeline/.nvm/versions/node/v6.9.0/lib/node_modules/.staging
84 silly doParallel extract 1
85 silly extract now@16.2.0
86 verbose unbuild lib/node_modules/.staging/now-f3ff22ed
87 silly gentlyRm /Users/eyeline/.nvm/versions/node/v6.9.0/lib/node_modules/.staging/now-f3ff22ed is being purged from base /Users/eyeline/.nvm/versions/node/v6.9.0
88 verbose gentlyRm don't care about contents; nuking /Users/eyeline/.nvm/versions/node/v6.9.0/lib/node_modules/.staging/now-f3ff22ed
89 verbose tar unpack /Users/eyeline/.npm/now/16.2.0/package.tgz
90 verbose tar unpacking to /Users/eyeline/.nvm/versions/node/v6.9.0/lib/node_modules/.staging/now-f3ff22ed
91 silly gentlyRm /Users/eyeline/.nvm/versions/node/v6.9.0/lib/node_modules/.staging/now-f3ff22ed is being purged
92 verbose gentlyRm don't care about contents; nuking /Users/eyeline/.nvm/versions/node/v6.9.0/lib/node_modules/.staging/now-f3ff22ed
93 silly gunzTarPerm modes [ '755', '644' ]
94 silly gunzTarPerm extractEntry dist/runtimes/nodejs/bootstrap
95 silly gunzTarPerm extractEntry dist/runtimes/nodejs10.x/bootstrap
96 silly gunzTarPerm extractEntry dist/runtimes/nodejs6.10/bootstrap
97 silly gunzTarPerm extractEntry dist/runtimes/nodejs8.10/bootstrap
98 silly gunzTarPerm extractEntry dist/runtimes/provided/bootstrap
99 silly gunzTarPerm extractEntry dist/runtimes/python/bootstrap
100 silly gunzTarPerm extractEntry dist/runtimes/python2.7/bootstrap
101 silly gunzTarPerm extractEntry dist/runtimes/python3.6/bootstrap
102 silly gunzTarPerm extractEntry dist/runtimes/python3.7/bootstrap
103 silly gunzTarPerm extractEntry dist/config-chain/LICENCE
104 silly gunzTarPerm extractEntry LICENSE
105 silly gunzTarPerm extractEntry dist/xsel
106 silly gunzTarPerm extractEntry dist/clipboard_i686.exe
107 silly gunzTarPerm extractEntry dist/clipboard_x86_64.exe
108 silly gunzTarPerm extractEntry dist/runtimes/go1.x/bootstrap.go
109 silly gunzTarPerm extractEntry dist/builders.tar.gz
110 silly gunzTarPerm extractEntry dist/runtimes/go1.x/bootstrap.js
111 silly gunzTarPerm extractEntry dist/runtimes/nodejs/bootstrap.js
112 silly gunzTarPerm extractEntry dist/runtimes/nodejs10.x/bootstrap.js
113 silly gunzTarPerm extractEntry dist/runtimes/nodejs6.10/bootstrap.js
114 silly gunzTarPerm extractEntry dist/runtimes/nodejs8.10/bootstrap.js
115 silly gunzTarPerm extractEntry dist/runtimes/provided/bootstrap.js
116 silly gunzTarPerm extractEntry dist/runtimes/python/bootstrap.js
117 silly gunzTarPerm extractEntry dist/runtimes/python2.7/bootstrap.js
118 silly gunzTarPerm extractEntry dist/runtimes/python3.6/bootstrap.js
119 silly gunzTarPerm extractEntry dist/runtimes/python3.7/bootstrap.js
120 silly gunzTarPerm extractEntry dist/builder-worker.js
121 silly gunzTarPerm extractEntry dist/index.js
122 silly gunzTarPerm extractEntry dist/runtimes/go1.x/index.js
123 silly gunzTarPerm extractEntry dist/runtimes/nodejs10.x/index.js
124 silly gunzTarPerm extractEntry dist/runtimes/nodejs6.10/index.js
125 silly gunzTarPerm extractEntry dist/runtimes/nodejs8.10/index.js
126 silly gunzTarPerm extractEntry dist/runtimes/python2.7/index.js
127 silly gunzTarPerm extractEntry dist/runtimes/python3.6/index.js
128 silly gunzTarPerm extractEntry dist/runtimes/python3.7/index.js
129 silly gunzTarPerm extractEntry scripts/preinstall.js
130 silly gunzTarPerm extractEntry dist/sourcemap-register.js
131 silly gunzTarPerm extractEntry dist/util/billing/card-brands.json
132 silly gunzTarPerm extractEntry dist/config-chain/package.json
133 silly gunzTarPerm extractEntry package.json
134 silly gunzTarPerm extractEntry dist/util/dev/templates/error_404.jst
135 silly gunzTarPerm extractEntry dist/util/dev/templates/error_502.jst
136 silly gunzTarPerm extractEntry dist/util/dev/templates/error_base.jst
137 silly gunzTarPerm extractEntry dist/util/dev/templates/error.jst
138 silly gunzTarPerm extractEntry dist/util/dev/templates/redirect.jst
139 silly gunzTarPerm extractEntry dist/runtimes/go1.x/bootstrap.js.map
140 silly gunzTarPerm extractEntry dist/runtimes/nodejs/bootstrap.js.map
141 silly gunzTarPerm extractEntry dist/runtimes/nodejs10.x/bootstrap.js.map
142 silly gunzTarPerm extractEntry dist/runtimes/nodejs6.10/bootstrap.js.map
143 silly gunzTarPerm extractEntry dist/runtimes/nodejs8.10/bootstrap.js.map
144 silly gunzTarPerm extractEntry dist/runtimes/provided/bootstrap.js.map
145 silly gunzTarPerm extractEntry dist/runtimes/python/bootstrap.js.map
146 silly gunzTarPerm extractEntry dist/runtimes/python2.7/bootstrap.js.map
147 silly gunzTarPerm extractEntry dist/runtimes/python3.6/bootstrap.js.map
148 silly gunzTarPerm extractEntry dist/runtimes/python3.7/bootstrap.js.map
149 silly gunzTarPerm extractEntry dist/index.js.map
150 silly gunzTarPerm extractEntry dist/runtimes/go1.x/index.js.map
151 silly gunzTarPerm extractEntry dist/runtimes/nodejs10.x/index.js.map
152 silly gunzTarPerm extractEntry dist/runtimes/nodejs6.10/index.js.map
153 silly gunzTarPerm extractEntry dist/runtimes/nodejs8.10/index.js.map
154 silly gunzTarPerm extractEntry dist/runtimes/python2.7/index.js.map
155 silly gunzTarPerm extractEntry dist/runtimes/python3.6/index.js.map
156 silly gunzTarPerm extractEntry dist/runtimes/python3.7/index.js.map
157 silly gunzTarPerm extractEntry dist/config-chain/readme.markdown
158 silly gunzTarPerm extractEntry README.md
159 silly gunzTarPerm extractEntry dist/runtimes/python/bootstrap.py
160 silly gunzTarPerm extractEntry dist/util/dns/add-dns-record.ts
161 silly gunzTarPerm extractEntry dist/util/domains/add-domain.ts
162 silly gunzTarPerm extractEntry dist/util/agent.ts
163 silly gunzTarPerm extractEntry dist/util/arg-common.ts
164 silly gunzTarPerm extractEntry dist/util/alias/assign-alias.ts
165 silly gunzTarPerm extractEntry dist/runtimes/go1.x/bootstrap.d.ts
166 silly gunzTarPerm extractEntry dist/runtimes/nodejs/bootstrap.d.ts
167 silly gunzTarPerm extractEntry dist/runtimes/nodejs10.x/bootstrap.d.ts
168 silly gunzTarPerm extractEntry dist/runtimes/nodejs6.10/bootstrap.d.ts
169 silly gunzTarPerm extractEntry dist/runtimes/nodejs8.10/bootstrap.d.ts
170 silly gunzTarPerm extractEntry dist/runtimes/provided/bootstrap.d.ts
171 silly gunzTarPerm extractEntry dist/runtimes/python/bootstrap.d.ts
172 silly gunzTarPerm extractEntry dist/runtimes/python2.7/bootstrap.d.ts
173 silly gunzTarPerm extractEntry dist/runtimes/python3.6/bootstrap.d.ts
174 silly gunzTarPerm extractEntry dist/runtimes/python3.7/bootstrap.d.ts
175 silly gunzTarPerm extractEntry dist/util/dev/builder-cache.ts
176 silly gunzTarPerm extractEntry dist/util/dev/builder.ts
177 silly gunzTarPerm extractEntry dist/util/output/chars.ts
178 silly gunzTarPerm extractEntry dist/util/domains/check-transfer.ts
179 silly gunzTarPerm extractEntry dist/util/client.ts
180 silly gunzTarPerm extractEntry dist/util/output/cmd.ts
181 silly gunzTarPerm extractEntry dist/util/output/code.ts
182 silly gunzTarPerm extractEntry dist/util/combine-async-generators.ts
183 silly gunzTarPerm extractEntry dist/util/constants.ts
184 silly gunzTarPerm extractEntry dist/util/alias/create-alias.ts
185 silly gunzTarPerm extractEntry dist/util/certs/create-cert-for-alias.ts
186 silly gunzTarPerm extractEntry dist/util/certs/create-cert-for-cns.ts
187 silly gunzTarPerm extractEntry dist/util/certs/create-cert-from-file.ts
188 silly gunzTarPerm extractEntry dist/util/output/create-output.ts
189 silly gunzTarPerm extractEntry dist/util/create-polling-fn.ts
190 silly gunzTarPerm extractEntry dist/dist/debug.d.ts
191 silly gunzTarPerm extractEntry dist/util/certs/delete-cert-by-id.ts
192 silly gunzTarPerm extractEntry dist/util/dns/delete-dns-record-by-id.ts
193 silly gunzTarPerm extractEntry dist/util/alias/deployment-is-aliased.ts
194 silly gunzTarPerm extractEntry dist/util/alias/deployment-should-copy-scale.ts
195 silly gunzTarPerm extractEntry dist/util/alias/deployment-should-downscale.ts
196 silly gunzTarPerm extractEntry dist/dist/detect-builders.d.ts
197 silly gunzTarPerm extractEntry dist/dist/detect-routes.d.ts
198 silly gunzTarPerm extractEntry dist/util/init/did-you-mean.ts
199 silly gunzTarPerm extractEntry dist/dist/fs/download.d.ts
200 silly gunzTarPerm extractEntry dist/util/output/elapsed.ts
201 silly gunzTarPerm extractEntry dist/util/output/erase-lines.ts
202 silly gunzTarPerm extractEntry dist/util/dev/templates/error_404.ts
203 silly gunzTarPerm extractEntry dist/util/dev/templates/error_502.ts
204 silly gunzTarPerm extractEntry dist/util/dev/templates/error_base.ts
205 silly gunzTarPerm extractEntry dist/util/dev/templates/error.ts
206 silly gunzTarPerm extractEntry dist/util/output/error.ts
207 silly gunzTarPerm extractEntry dist/util/errors-ts.ts
208 silly gunzTarPerm extractEntry dist/util/dev/errors.ts
209 silly gunzTarPerm extractEntry dist/util/errors.ts
210 silly gunzTarPerm extractEntry dist/util/event-listener-to-generator.ts
211 silly gunzTarPerm extractEntry dist/util/alias/extract-domain.ts
212 silly gunzTarPerm extractEntry dist/dist/file-blob.d.ts
213 silly gunzTarPerm extractEntry dist/dist/file-fs-ref.d.ts
214 silly gunzTarPerm extractEntry dist/dist/file-ref.d.ts
215 silly gunzTarPerm extractEntry dist/util/config/files.ts
216 silly gunzTarPerm extractEntry dist/util/alias/find-alias-by-alias-or-id.ts
217 silly gunzTarPerm extractEntry dist/util/certs/finish-cert-order.ts
218 silly gunzTarPerm extractEntry dist/util/format-date.ts
219 silly gunzTarPerm extractEntry dist/util/format-dns-table.ts
220 silly gunzTarPerm extractEntry dist/util/format-ns-table.ts
221 silly gunzTarPerm extractEntry dist/util/format-table.ts
222 silly gunzTarPerm extractEntry dist/util/deploy/generate-cert-for-deploy.ts
223 silly gunzTarPerm extractEntry dist/util/alias/get-aliases.ts
224 silly gunzTarPerm extractEntry dist/util/deploy/get-app-last-deployment.ts
225 silly gunzTarPerm extractEntry dist/util/deploy/get-app-name.ts
226 silly gunzTarPerm extractEntry dist/util/get-args.ts
227 silly gunzTarPerm extractEntry dist/util/domains/get-auth-code.ts
228 silly gunzTarPerm extractEntry dist/util/certs/get-cert-by-id.ts
229 silly gunzTarPerm extractEntry dist/util/certs/get-certs-for-domain.ts
230 silly gunzTarPerm extractEntry dist/util/certs/get-certs.ts
231 silly gunzTarPerm extractEntry dist/util/certs/get-cns-from-args.ts
232 silly gunzTarPerm extractEntry dist/util/get-config.ts
233 silly gunzTarPerm extractEntry dist/util/deploy/get-deployment-by-id-or-host.ts
234 silly gunzTarPerm extractEntry dist/util/deploy/get-deployment-by-id-or-throw.ts
235 silly gunzTarPerm extractEntry dist/util/alias/get-deployment-downscale-presets.ts
236 silly gunzTarPerm extractEntry dist/util/alias/get-deployment-for-alias.ts
237 silly gunzTarPerm extractEntry dist/util/alias/get-deployment-from-alias.ts
238 silly gunzTarPerm extractEntry dist/util/deploy/get-deployment-instances.ts
239 silly gunzTarPerm extractEntry dist/util/deploy/get-deployments-by-appname.ts
240 silly gunzTarPerm extractEntry dist/util/deploy/get-deployments-by-project-id.ts
241 silly gunzTarPerm extractEntry dist/util/get-dist-tag.ts
242 silly gunzTarPerm extractEntry dist/util/dns/get-dns-data.ts
243 silly gunzTarPerm extractEntry dist/util/dns/get-dns-record-by-id.ts
244 silly gunzTarPerm extractEntry dist/util/dns/get-dns-records.ts
245 silly gunzTarPerm extractEntry dist/util/alias/get-domain-aliases.ts
246 silly gunzTarPerm extractEntry dist/util/domains/get-domain-by-name.ts
247 silly gunzTarPerm extractEntry dist/util/dns/get-domain-dns-records.ts
248 silly gunzTarPerm extractEntry dist/util/domains/get-domain-price.ts
249 silly gunzTarPerm extractEntry dist/util/domains/get-domain-status.ts
250 silly gunzTarPerm extractEntry dist/util/domains/get-domains.ts
251 silly gunzTarPerm extractEntry dist/util/get-files.ts
252 silly gunzTarPerm extractEntry dist/util/alias/get-inferred-targets.ts
253 silly gunzTarPerm extractEntry dist/util/scale/get-max-from-args.ts
254 silly gunzTarPerm extractEntry dist/util/scale/get-min-from-args.ts
255 silly gunzTarPerm extractEntry dist/util/projects/get-project-by-id-or-name.ts
256 silly gunzTarPerm extractEntry dist/util/scale/get-raw-min-from-args.ts
257 silly gunzTarPerm extractEntry dist/util/alias/get-rules-from-file.ts
258 silly gunzTarPerm extractEntry dist/util/scale/get-scale-for-dc.ts
259 silly gunzTarPerm extractEntry dist/util/get-scope.ts
260 silly gunzTarPerm extractEntry dist/util/deploy/get-state-change-from-polling.ts
261 silly gunzTarPerm extractEntry dist/util/get-subcommand.ts
262 silly gunzTarPerm extractEntry dist/util/alias/get-targets-for-alias.ts
263 silly gunzTarPerm extractEntry dist/util/get-team-by-id.ts
264 silly gunzTarPerm extractEntry dist/util/get-teams.ts
265 silly gunzTarPerm extractEntry dist/util/get-update-command.ts
266 silly gunzTarPerm extractEntry dist/util/get-user.ts
267 silly gunzTarPerm extractEntry dist/util/certs/get-wildcard-cns-for-alias.ts
268 silly gunzTarPerm extractEntry dist/dist/fs/get-writable-directory.d.ts
269 silly gunzTarPerm extractEntry dist/dist/fs/glob.d.ts
270 silly gunzTarPerm extractEntry dist/util/config/global-path.ts
271 silly gunzTarPerm extractEntry dist/util/certs/handle-cert-error.ts
272 silly gunzTarPerm extractEntry dist/util/handle-error.ts
273 silly gunzTarPerm extractEntry dist/util/output/highlight.ts
274 silly gunzTarPerm extractEntry dist/util/humanize-path.ts
275 silly gunzTarPerm extractEntry dist/util/ignored.ts
276 silly gunzTarPerm extractEntry dist/util/dns/import-zonefile.ts
277 silly gunzTarPerm extractEntry dist/dist/index.d.ts
278 silly gunzTarPerm extractEntry dist/runtimes/go1.x/index.d.ts
279 silly gunzTarPerm extractEntry dist/runtimes/nodejs10.x/index.d.ts
280 silly gunzTarPerm extractEntry dist/runtimes/nodejs6.10/index.d.ts
281 silly gunzTarPerm extractEntry dist/runtimes/nodejs8.10/index.d.ts
282 silly gunzTarPerm extractEntry dist/runtimes/python2.7/index.d.ts
283 silly gunzTarPerm extractEntry dist/runtimes/python3.6/index.d.ts
284 silly gunzTarPerm extractEntry dist/runtimes/python3.7/index.d.ts
285 silly gunzTarPerm extractEntry dist/util/output/index.ts
286 silly gunzTarPerm extractEntry dist/util/output/info.ts
287 silly gunzTarPerm extractEntry dist/util/domains/is-domain-external.ts
288 silly gunzTarPerm extractEntry dist/util/is-root-domain.ts
289 silly gunzTarPerm extractEntry dist/util/dev/is-url.ts
290 silly gunzTarPerm extractEntry dist/util/scale/is-valid-min-max-value.ts
291 silly gunzTarPerm extractEntry dist/util/is-valid-name.ts
292 silly gunzTarPerm extractEntry dist/util/alias/is-wildcard-alias.ts
293 silly gunzTarPerm extractEntry dist/util/certs/issue-cert.ts
294 silly gunzTarPerm extractEntry dist/util/output/join-words.ts
295 silly gunzTarPerm extractEntry dist/dist/lambda.d.ts
296 silly gunzTarPerm extractEntry dist/util/output/link.ts
297 silly gunzTarPerm extractEntry dist/util/output/list-item.ts
298 silly gunzTarPerm extractEntry dist/util/config/local-path.ts
299 silly gunzTarPerm extractEntry dist/util/login/login.ts
300 silly gunzTarPerm extractEntry dist/util/output/logo.ts
301 silly gunzTarPerm extractEntry dist/util/certs/map-cert-error.ts
302 silly gunzTarPerm extractEntry dist/util/domains/maybe-get-domain-by-name.ts
303 silly gunzTarPerm extractEntry dist/util/metrics.ts
304 silly gunzTarPerm extractEntry dist/util/dev/mime-type.ts
305 silly gunzTarPerm extractEntry dist/util/domains/move-out-domain.ts
306 silly gunzTarPerm extractEntry dist/dist/fs/node-version.d.ts
307 silly gunzTarPerm extractEntry dist/util/now-error.ts
308 silly gunzTarPerm extractEntry dist/util/once.ts
309 silly gunzTarPerm extractEntry dist/util/output/param.ts
310 silly gunzTarPerm extractEntry dist/util/dns/parse-add-dns-record-args.ts
311 silly gunzTarPerm extractEntry dist/util/dev/parse-listen.ts
312 silly gunzTarPerm extractEntry dist/util/scale/patch-deployment-scale.ts
313 silly gunzTarPerm extractEntry dist/util/path-helpers.ts
314 silly gunzTarPerm extractEntry dist/util/pkg.ts
315 silly gunzTarPerm extractEntry dist/util/prefer-v2-deployment.ts
316 silly gunzTarPerm extractEntry dist/util/input/prompt-bool.ts
317 silly gunzTarPerm extractEntry dist/util/prompt-bool.ts
318 silly gunzTarPerm extractEntry dist/util/domains/purchase-domain-if-available.ts
319 silly gunzTarPerm extractEntry dist/util/domains/purchase-domain.ts
320 silly gunzTarPerm extractEntry dist/util/race-async-generators.ts
321 silly gunzTarPerm extractEntry dist/util/config/read-config.ts
322 silly gunzTarPerm extractEntry dist/util/read-json-file.ts
323 silly gunzTarPerm extractEntry dist/util/read-package.ts
324 silly gunzTarPerm extractEntry dist/util/dev/templates/redirect.ts
325 silly gunzTarPerm extractEntry dist/util/alias/remove-alias-by-id.ts
326 silly gunzTarPerm extractEntry dist/util/domains/remove-domain-by-name.ts
327 silly gunzTarPerm extractEntry dist/util/projects/remove-project.ts
328 silly gunzTarPerm extractEntry dist/dist/fs/rename.d.ts
329 silly gunzTarPerm extractEntry dist/util/response-error.ts
330 silly gunzTarPerm extractEntry dist/util/returnify-async-generator.ts
331 silly gunzTarPerm extractEntry dist/util/dev/router.ts
332 silly gunzTarPerm extractEntry dist/dist/fs/run-user-scripts.d.ts
333 silly gunzTarPerm extractEntry dist/util/dev/server.ts
334 silly gunzTarPerm extractEntry dist/util/domains/set-custom-suffix.ts
335 silly gunzTarPerm extractEntry dist/util/scale/set-deployment-scale.ts
336 silly gunzTarPerm extractEntry dist/util/domains/setup-domain.ts
337 silly gunzTarPerm extractEntry dist/dist/should-serve.d.ts
338 silly gunzTarPerm extractEntry dist/util/sleep.ts
339 silly gunzTarPerm extractEntry dist/util/output/stamp.ts
340 silly gunzTarPerm extractEntry dist/util/certs/start-cert-order.ts
341 silly gunzTarPerm extractEntry dist/util/dev/static-builder.ts
342 silly gunzTarPerm extractEntry dist/dist/fs/stream-to-buffer.d.ts
343 silly gunzTarPerm extractEntry dist/util/strlen.ts
344 silly gunzTarPerm extractEntry dist/util/output/success.ts
345 silly gunzTarPerm extractEntry dist/util/input/text.ts
346 silly gunzTarPerm extractEntry dist/util/to-host.ts
347 silly gunzTarPerm extractEntry dist/util/scale/to-number-or-auto.ts
348 silly gunzTarPerm extractEntry dist/util/domains/transfer-in-domain.ts
349 silly gunzTarPerm extractEntry dist/dist/types.d.ts
350 silly gunzTarPerm extractEntry dist/util/dev/types.ts
351 silly gunzTarPerm extractEntry dist/util/ua-browser.ts
352 silly gunzTarPerm extractEntry dist/util/ua.ts
353 silly gunzTarPerm extractEntry dist/util/unique-strings.ts
354 silly gunzTarPerm extractEntry dist/util/alias/upsert-path-alias.ts
355 silly gunzTarPerm extractEntry dist/util/uuid.ts
356 silly gunzTarPerm extractEntry dist/util/alias/validate-path-alias-rules.ts
357 silly gunzTarPerm extractEntry dist/util/dev/validate.ts
358 silly gunzTarPerm extractEntry dist/util/scale/verify-deployment-scale.ts
359 silly gunzTarPerm extractEntry dist/util/domains/verify-domain.ts
360 silly gunzTarPerm extractEntry dist/util/scale/wait-verify-deployment-scale.ts
361 silly gunzTarPerm extractEntry dist/util/output/wait.ts
362 silly gunzTarPerm extractEntry dist/util/with-spinner.ts
363 silly gunzTarPerm extractEntry dist/util/dev/yarn-installer.ts
364 silly gunzTarPerm extractEntry dist/util/zeit-world-table.ts
365 silly gunzTarPerm extractEntry dist/util/dev/templates/error_404.tsdef
366 silly gunzTarPerm extractEntry dist/util/dev/templates/error_502.tsdef
367 silly gunzTarPerm extractEntry dist/util/dev/templates/error_base.tsdef
368 silly gunzTarPerm extractEntry dist/util/dev/templates/error.tsdef
369 silly gunzTarPerm extractEntry dist/util/dev/templates/redirect.tsdef
370 silly gentlyRm /Users/eyeline/.nvm/versions/node/v6.9.0/lib/node_modules/.staging/now-f3ff22ed/node_modules is being purged
371 verbose gentlyRm don't care about contents; nuking /Users/eyeline/.nvm/versions/node/v6.9.0/lib/node_modules/.staging/now-f3ff22ed/node_modules
372 silly doParallel preinstall 1
373 silly preinstall now@16.2.0 /Users/eyeline/.nvm/versions/node/v6.9.0/lib/node_modules/.staging/now-f3ff22ed
374 info lifecycle now@16.2.0~preinstall: now@16.2.0
375 verbose lifecycle now@16.2.0~preinstall: unsafe-perm in lifecycle true
376 verbose lifecycle now@16.2.0~preinstall: PATH: /Users/eyeline/.nvm/versions/node/v6.9.0/lib/node_modules/npm/bin/node-gyp-bin:/Users/eyeline/.nvm/versions/node/v6.9.0/lib/node_modules/.staging/now-f3ff22ed/node_modules/.bin:/Users/eyeline/.nvm/versions/node/v6.9.0/lib/node_modules/.bin:/usr/local/opt/openssl/bin:/Library/Frameworks/Python.framework/Versions/3.7/bin:/Library/Frameworks/Python.framework/Versions/3.7/bin:/Users/eyeline/.nvm/versions/node/v6.9.0/bin:/usr/local/opt/ncurses/bin:/usr/local/bin:/usr/bin:/bin:/usr/sbin:/sbin:/Users/eyeline/Documents/GitHub/bot-ionic/node_modules/.bin:/Users/eyeline/Library/Android/sdk/tools:/Users/eyeline/Library/Android/sdk/build-tools/28.0.2:/Users/eyeline/Library/Android/sdk/tools:/Users/eyeline/Library/Android/sdk/build-tools/28.0.3:/opt/yarn-[version]/bin:/Users/eyeline/Library/Android/sdk/emulator:/Users/eyeline/Library/Android/sdk/tools:/Users/eyeline/Library/Android/sdk/tools/bin:/Users/eyeline/Library/Android/sdk/platform-tools
377 verbose lifecycle now@16.2.0~preinstall: CWD: /Users/eyeline/.nvm/versions/node/v6.9.0/lib/node_modules/.staging/now-f3ff22ed
378 silly lifecycle now@16.2.0~preinstall: Args: [ '-c', 'node ./scripts/preinstall.js' ]
379 silly lifecycle now@16.2.0~preinstall: Returned: code: 1  signal: null
380 info lifecycle now@16.2.0~preinstall: Failed to exec preinstall script
381 verbose unlock done using /Users/eyeline/.npm/_locks/staging-bb273a0e9b009b96.lock for /Users/eyeline/.nvm/versions/node/v6.9.0/lib/node_modules/.staging
382 silly rollbackFailedOptional Starting
383 silly rollbackFailedOptional Finishing
384 silly runTopLevelLifecycles Finishing
385 silly install printInstalled
386 verbose stack Error: now@16.2.0 preinstall: `node ./scripts/preinstall.js`
386 verbose stack Exit status 1
386 verbose stack     at EventEmitter.<anonymous> (/Users/eyeline/.nvm/versions/node/v6.9.0/lib/node_modules/npm/lib/utils/lifecycle.js:255:16)
386 verbose stack     at emitTwo (events.js:106:13)
386 verbose stack     at EventEmitter.emit (events.js:191:7)
386 verbose stack     at ChildProcess.<anonymous> (/Users/eyeline/.nvm/versions/node/v6.9.0/lib/node_modules/npm/lib/utils/spawn.js:40:14)
386 verbose stack     at emitTwo (events.js:106:13)
386 verbose stack     at ChildProcess.emit (events.js:191:7)
386 verbose stack     at maybeClose (internal/child_process.js:877:16)
386 verbose stack     at Process.ChildProcess._handle.onexit (internal/child_process.js:226:5)
387 verbose pkgid now@16.2.0
388 verbose cwd /Users/eyeline/Documents/GitHub/bot-ionic
389 error Darwin 17.7.0
390 error argv "/Users/eyeline/.nvm/versions/node/v6.9.0/bin/node" "/Users/eyeline/.nvm/versions/node/v6.9.0/bin/npm" "install" "-g" "now"
391 error node v6.9.0
392 error npm  v3.10.8
393 error code ELIFECYCLE
394 error now@16.2.0 preinstall: `node ./scripts/preinstall.js`
394 error Exit status 1
395 error Failed at the now@16.2.0 preinstall script 'node ./scripts/preinstall.js'.
395 error Make sure you have the latest version of node.js and npm installed.
395 error If you do, this is most likely a problem with the now package,
395 error not with npm itself.
395 error Tell the author that this fails on your system:
395 error     node ./scripts/preinstall.js
395 error You can get information on how to open an issue for this project with:
395 error     npm bugs now
395 error Or if that isn't available, you can get their info via:
395 error     npm owner ls now
395 error There is likely additional logging output above.
396 verbose exit [ 1, true ]
